
SQL*Loader: Release 11.2.0.1.0 - Production on 星期五 3月 11 15:20:05 2022

Copyright (c) 1982, 2009, Oracle and/or its affiliates.  All rights reserved.

控制文件:      Load.ctl
数据文件:      score_data.csv
  错误文件:    score_data.bad
  废弃文件:    未作指定
 
(可废弃所有记录)

要加载的数: ALL
要跳过的数: 0
允许的错误: 50
绑定数组: 64 行, 最大 256000 字节
继续:    未作指定
所用路径:       常规

表 SCORE,已加载从每个逻辑记录
插入选项对此表 INSERT 生效
TRAILING NULLCOLS 选项生效

   列名                        位置      长度  中止 包装数据类型
------------------------------ ---------- ----- ---- ---- ---------------------
SID                                 FIRST     *           CHARACTER            
    终止符字符串:  ', '
CID                                  NEXT     *           CHARACTER            
    终止符字符串:  ', '
SCORE                                NEXT     *           CHARACTER            
    终止符字符串:  ', '


表 SCORE:
  17 行 加载成功。
  由于数据错误, 0 行 没有加载。
  由于所有 WHEN 子句失败, 0 行 没有加载。
  由于所有字段都为空的, 0 行 没有加载。


为绑定数组分配的空间:                 49536 字节 (64 行)
读取   缓冲区字节数: 1048576

跳过的逻辑记录总数:          0
读取的逻辑记录总数:            17
拒绝的逻辑记录总数:          0
废弃的逻辑记录总数:        0

从 星期五 3月  11 15:20:05 2022 开始运行
在 星期五 3月  11 15:20:05 2022 处运行结束

经过时间为: 00: 00: 00.11
CPU 时间为: 00: 00: 00.03
